<?xml version="1.0" encoding="UTF-8"?>
<!-- Generated by org.testng.reporters.JUnitReportReporter -->
<testsuite name="selenium.Cricketscore" tests="1" time="52.335" ignored="0" failures="0" timestamp="29 Sep 2019 08:47:48 GMT" skipped="0" hostname="DESKTOP-3M4E67P" errors="0">
  <testcase name="scorelist" time="52.335" classname="selenium.Cricketscore"/>
</testsuite> <!-- selenium.Cricketscore -->
