<?xml version="1.0" encoding="UTF-8"?>
<!-- Generated by org.testng.reporters.JUnitReportReporter -->
<testsuite name="selenium.Logincheck" tests="1" time="17.755" ignored="0" failures="0" timestamp="29 Sep 2019 13:43:33 GMT" skipped="0" hostname="DESKTOP-3M4E67P" errors="0">
  <testcase name="login" time="17.755" classname="selenium.Logincheck"/>
</testsuite> <!-- selenium.Logincheck -->
