<?xml version="1.0" encoding="UTF-8"?>
<!-- Generated by org.testng.reporters.JUnitReportReporter -->
<testsuite name="selenium.Cricketscore" tests="1" time="35.514" ignored="0" failures="0" timestamp="29 Sep 2019 13:43:33 GMT" skipped="0" hostname="DESKTOP-3M4E67P" errors="0">
  <testcase name="scorelist" time="35.514" classname="selenium.Cricketscore"/>
</testsuite> <!-- selenium.Cricketscore -->
