<?xml version="1.0" encoding="UTF-8"?>
<!-- Generated by org.testng.reporters.JUnitReportReporter -->
<testsuite name="Tasks.Flip" tests="1" time="3.366" ignored="0" failures="0" timestamp="12 May 2021 12:12:45 GMT" skipped="0" hostname="DESKTOP-3M4E67P" errors="0">
  <testcase name="mobile" time="3.366" classname="Tasks.Flip"/>
</testsuite> <!-- Tasks.Flip -->
