<?xml version="1.0" encoding="UTF-8"?>
<!-- Generated by org.testng.reporters.JUnitReportReporter -->
<testsuite name="Tasks.Flipkart" tests="1" time="28.947" ignored="0" failures="0" timestamp="11 May 2021 14:12:46 GMT" skipped="0" hostname="DESKTOP-3M4E67P" errors="0">
  <testcase name="mobile" time="28.947" classname="Tasks.Flipkart"/>
</testsuite> <!-- Tasks.Flipkart -->
