<?xml version="1.0" encoding="UTF-8"?>
<!-- Generated by org.testng.reporters.JUnitReportReporter -->
<testsuite name="selenium.Logincheck" tests="1" time="20.350" ignored="0" failures="0" timestamp="29 Sep 2019 08:47:48 GMT" skipped="0" hostname="DESKTOP-3M4E67P" errors="0">
  <testcase name="login" time="20.350" classname="selenium.Logincheck"/>
</testsuite> <!-- selenium.Logincheck -->
